Determining if the pthread_create exist failed with the following output:
Change Dir: /home/cc/ee106b/sp17/class/ee106b-aau/UCB_EE106B/lab1/build_isolated/moveit_robots/CMakeFiles/CMakeTmp

Run Build Command:/usr/bin/make "cmTryCompileExec1921604834/fast"
/usr/bin/make -f CMakeFiles/cmTryCompileExec1921604834.dir/build.make CMakeFiles/cmTryCompileExec1921604834.dir/build
make[1]: Entering directory `/home/cc/ee106b/sp17/class/ee106b-aau/UCB_EE106B/lab1/build_isolated/moveit_robots/CMakeFiles/CMakeTmp'
/usr/bin/cmake -E cmake_progress_report /home/cc/ee106b/sp17/class/ee106b-aau/UCB_EE106B/lab1/build_isolated/moveit_robots/CMakeFiles/CMakeTmp/CMakeFiles 1
Building C object CMakeFiles/cmTryCompileExec1921604834.dir/CheckSymbolExists.c.o
/usr/bin/cc    -o CMakeFiles/cmTryCompileExec1921604834.dir/CheckSymbolExists.c.o   -c /home/cc/ee106b/sp17/class/ee106b-aau/UCB_EE106B/lab1/build_isolated/moveit_robots/CMakeFiles/CMakeTmp/CheckSymbolExists.c
Linking C executable cmTryCompileExec1921604834
/usr/bin/cmake -E cmake_link_script CMakeFiles/cmTryCompileExec1921604834.dir/link.txt --verbose=1
/usr/bin/cc       CMakeFiles/cmTryCompileExec1921604834.dir/CheckSymbolExists.c.o  -o cmTryCompileExec1921604834 -rdynamic 
CMakeFiles/cmTryCompileExec1921604834.dir/CheckSymbolExists.c.o: In function `main':
CheckSymbolExists.c:(.text+0x16): undefined reference to `pthread_create'
collect2: error: ld returned 1 exit status
make[1]: *** [cmTryCompileExec1921604834] Error 1
make[1]: Leaving directory `/home/cc/ee106b/sp17/class/ee106b-aau/UCB_EE106B/lab1/build_isolated/moveit_robots/CMakeFiles/CMakeTmp'
make: *** [cmTryCompileExec1921604834/fast] Error 2

File /home/cc/ee106b/sp17/class/ee106b-aau/UCB_EE106B/lab1/build_isolated/moveit_robots/CMakeFiles/CMakeTmp/CheckSymbolExists.c:
/* */
#include <pthread.h>

int main(int argc, char** argv)
{
  (void)argv;
#ifndef pthread_create
  return ((int*)(&pthread_create))[argc];
#else
  (void)argc;
  return 0;
#endif
}

Determining if the function pthread_create exists in the pthreads failed with the following output:
Change Dir: /home/cc/ee106b/sp17/class/ee106b-aau/UCB_EE106B/lab1/build_isolated/moveit_robots/CMakeFiles/CMakeTmp

Run Build Command:/usr/bin/make "cmTryCompileExec2489200999/fast"
/usr/bin/make -f CMakeFiles/cmTryCompileExec2489200999.dir/build.make CMakeFiles/cmTryCompileExec2489200999.dir/build
make[1]: Entering directory `/home/cc/ee106b/sp17/class/ee106b-aau/UCB_EE106B/lab1/build_isolated/moveit_robots/CMakeFiles/CMakeTmp'
/usr/bin/cmake -E cmake_progress_report /home/cc/ee106b/sp17/class/ee106b-aau/UCB_EE106B/lab1/build_isolated/moveit_robots/CMakeFiles/CMakeTmp/CMakeFiles 1
Building C object CMakeFiles/cmTryCompileExec2489200999.dir/CheckFunctionExists.c.o
/usr/bin/cc   -DCHECK_FUNCTION_EXISTS=pthread_create   -o CMakeFiles/cmTryCompileExec2489200999.dir/CheckFunctionExists.c.o   -c /usr/share/cmake-2.8/Modules/CheckFunctionExists.c
Linking C executable cmTryCompileExec2489200999
/usr/bin/cmake -E cmake_link_script CMakeFiles/cmTryCompileExec2489200999.dir/link.txt --verbose=1
/usr/bin/cc   -DCHECK_FUNCTION_EXISTS=pthread_create    CMakeFiles/cmTryCompileExec2489200999.dir/CheckFunctionExists.c.o  -o cmTryCompileExec2489200999 -rdynamic -lpthreads 
/usr/bin/ld: cannot find -lpthreads
collect2: error: ld returned 1 exit status
make[1]: *** [cmTryCompileExec2489200999] Error 1
make[1]: Leaving directory `/home/cc/ee106b/sp17/class/ee106b-aau/UCB_EE106B/lab1/build_isolated/moveit_robots/CMakeFiles/CMakeTmp'
make: *** [cmTryCompileExec2489200999/fast] Error 2


