Determining if the pthread_create exist failed with the following output:
Change Dir: /home/cc/ee106b/sp17/class/ee106b-aau/UCB_EE106B/lab1/build_isolated/ar_track_alvar/CMakeFiles/CMakeTmp

Run Build Command:/usr/bin/make "cmTryCompileExec883681740/fast"
/usr/bin/make -f CMakeFiles/cmTryCompileExec883681740.dir/build.make CMakeFiles/cmTryCompileExec883681740.dir/build
make[1]: Entering directory `/home/cc/ee106b/sp17/class/ee106b-aau/UCB_EE106B/lab1/build_isolated/ar_track_alvar/CMakeFiles/CMakeTmp'
/usr/bin/cmake -E cmake_progress_report /home/cc/ee106b/sp17/class/ee106b-aau/UCB_EE106B/lab1/build_isolated/ar_track_alvar/CMakeFiles/CMakeTmp/CMakeFiles 1
Building C object CMakeFiles/cmTryCompileExec883681740.dir/CheckSymbolExists.c.o
/usr/bin/cc    -o CMakeFiles/cmTryCompileExec883681740.dir/CheckSymbolExists.c.o   -c /home/cc/ee106b/sp17/class/ee106b-aau/UCB_EE106B/lab1/build_isolated/ar_track_alvar/CMakeFiles/CMakeTmp/CheckSymbolExists.c
Linking C executable cmTryCompileExec883681740
/usr/bin/cmake -E cmake_link_script CMakeFiles/cmTryCompileExec883681740.dir/link.txt --verbose=1
/usr/bin/cc       CMakeFiles/cmTryCompileExec883681740.dir/CheckSymbolExists.c.o  -o cmTryCompileExec883681740 -rdynamic 
CMakeFiles/cmTryCompileExec883681740.dir/CheckSymbolExists.c.o: In function `main':
CheckSymbolExists.c:(.text+0x16): undefined reference to `pthread_create'
collect2: error: ld returned 1 exit status
make[1]: Leaving directory `/home/cc/ee106b/sp17/class/ee106b-aau/UCB_EE106B/lab1/build_isolated/ar_track_alvar/CMakeFiles/CMakeTmp'
make[1]: *** [cmTryCompileExec883681740] Error 1
make: *** [cmTryCompileExec883681740/fast] Error 2

File /home/cc/ee106b/sp17/class/ee106b-aau/UCB_EE106B/lab1/build_isolated/ar_track_alvar/CMakeFiles/CMakeTmp/CheckSymbolExists.c:
/* */
#include <pthread.h>

int main(int argc, char** argv)
{
  (void)argv;
#ifndef pthread_create
  return ((int*)(&pthread_create))[argc];
#else
  (void)argc;
  return 0;
#endif
}

Determining if the function pthread_create exists in the pthreads failed with the following output:
Change Dir: /home/cc/ee106b/sp17/class/ee106b-aau/UCB_EE106B/lab1/build_isolated/ar_track_alvar/CMakeFiles/CMakeTmp

Run Build Command:/usr/bin/make "cmTryCompileExec2352731839/fast"
/usr/bin/make -f CMakeFiles/cmTryCompileExec2352731839.dir/build.make CMakeFiles/cmTryCompileExec2352731839.dir/build
make[1]: Entering directory `/home/cc/ee106b/sp17/class/ee106b-aau/UCB_EE106B/lab1/build_isolated/ar_track_alvar/CMakeFiles/CMakeTmp'
/usr/bin/cmake -E cmake_progress_report /home/cc/ee106b/sp17/class/ee106b-aau/UCB_EE106B/lab1/build_isolated/ar_track_alvar/CMakeFiles/CMakeTmp/CMakeFiles 1
Building C object CMakeFiles/cmTryCompileExec2352731839.dir/CheckFunctionExists.c.o
/usr/bin/cc   -DCHECK_FUNCTION_EXISTS=pthread_create   -o CMakeFiles/cmTryCompileExec2352731839.dir/CheckFunctionExists.c.o   -c /usr/share/cmake-2.8/Modules/CheckFunctionExists.c
Linking C executable cmTryCompileExec2352731839
/usr/bin/cmake -E cmake_link_script CMakeFiles/cmTryCompileExec2352731839.dir/link.txt --verbose=1
/usr/bin/cc   -DCHECK_FUNCTION_EXISTS=pthread_create    CMakeFiles/cmTryCompileExec2352731839.dir/CheckFunctionExists.c.o  -o cmTryCompileExec2352731839 -rdynamic -lpthreads 
/usr/bin/ld: cannot find -lpthreads
collect2: error: ld returned 1 exit status
make[1]: *** [cmTryCompileExec2352731839] Error 1
make[1]: Leaving directory `/home/cc/ee106b/sp17/class/ee106b-aau/UCB_EE106B/lab1/build_isolated/ar_track_alvar/CMakeFiles/CMakeTmp'
make: *** [cmTryCompileExec2352731839/fast] Error 2


